
> mruak-fe@0.1.0 start
> react-scripts start

(node:37488) [DEP0176] DeprecationWarning: fs.F_OK is deprecated, use fs.constants.F_OK instead
(Use `node --trace-deprecation ...` to show where the warning was created)
Browserslist: browsers data (caniuse-lite) is 18 months old. Please run:
  npx update-browserslist-db@latest
  Why you should do it regularly: https://github.com/browserslist/update-db#readme
(node:37488) [DEP_WEBPACK_DEV_SERVER_ON_AFTER_SETUP_MIDDLEWARE] DeprecationWarning: 'onAfterSetupMiddleware' option is deprecated. Please use the 'setupMiddlewares' option.
(node:37488) [DEP_WEBPACK_DEV_SERVER_ON_BEFORE_SETUP_MIDDLEWARE] DeprecationWarning: 'onBeforeSetupMiddleware' option is deprecated. Please use the 'setupMiddlewares' option.
Starting the development server...

[0;33mOne of your dependencies, babel-preset-react-app, is importing the
"@babel/plugin-proposal-private-property-in-object" package without
declaring it in its dependencies. This is currently working because
"@babel/plugin-proposal-private-property-in-object" is already in your
node_modules folder for unrelated reasons, but it [1mmay break at any time[0;33m.

babel-preset-react-app is part of the create-react-app project, [1mwhich
is not maintianed anymore[0;33m. It is thus unlikely that this bug will
ever be fixed. Add "@babel/plugin-proposal-private-property-in-object" to
your devDependencies to work around this error. This will make this message
go away.[0m
  
Compiled with warnings.

[eslint] 
src\components\Project\ProjectInventoryCard.js
  Line 72:34:   React Hook useEffect has a missing dependency: 'load'. Either include it or remove the dependency array  react-hooks/exhaustive-deps
  Line 308:16:  '_' is assigned a value but never used                                                                   no-unused-vars
  Line 308:19:  'grnId' is assigned a value but never used                                                               no-unused-vars
  Line 308:46:  'batchNo' is assigned a value but never used                                                             no-unused-vars
  Line 308:65:  'expiryDate' is assigned a value but never used                                                          no-unused-vars

Search for the keywords to learn more about each warning.
To ignore, add // eslint-disable-next-line to the line before.

[1m[33mWARNING[39m[22m in [1m[eslint] 
src\components\Project\ProjectInventoryCard.js
  Line 72:34:   React Hook useEffect has a missing dependency: 'load'. Either include it or remove the dependency array  react-hooks/exhaustive-deps
  Line 308:16:  '_' is assigned a value but never used                                                                   no-unused-vars
  Line 308:19:  'grnId' is assigned a value but never used                                                               no-unused-vars
  Line 308:46:  'batchNo' is assigned a value but never used                                                             no-unused-vars
  Line 308:65:  'expiryDate' is assigned a value but never used                                                          no-unused-vars

[39m[22m

webpack compiled with [1m[33m1 warning[39m[22m
Compiling...
Compiled with warnings.

[eslint] 
src\components\Project\ProjectInventoryCard.js
  Line 72:34:   React Hook useEffect has a missing dependency: 'load'. Either include it or remove the dependency array  react-hooks/exhaustive-deps
  Line 308:16:  '_' is assigned a value but never used                                                                   no-unused-vars
  Line 308:19:  'grnId' is assigned a value but never used                                                               no-unused-vars
  Line 308:46:  'batchNo' is assigned a value but never used                                                             no-unused-vars
  Line 308:65:  'expiryDate' is assigned a value but never used                                                          no-unused-vars

src\components\estimates\ProjectEstimationPage.js
  Line 198:12:  'showPrintModal' is assigned a value but never used                                                                                                                                                                                                                                                                                                                              no-unused-vars
  Line 198:28:  'setShowPrintModal' is assigned a value but never used                                                                                                                                                                                                                                                                                                                           no-unused-vars
  Line 228:12:  'approvalPolicy' is assigned a value but never used                                                                                                                                                                                                                                                                                                                              no-unused-vars
  Line 502:8:   React Hook useEffect has missing dependencies: 'availMap', 'globalSettings.GLOBAL_TAX_PERCENT', 'globalSettings.GLOBAL_VAT_PERCENT', 'productById', and 'propProjectId'. Either include them or remove the dependency array. You can also replace multiple useState variables with useReducer if 'setVatPercent' needs the current value of 'globalSettings.GLOBAL_VAT_PERCENT'  react-hooks/exhaustive-deps

Search for the keywords to learn more about each warning.
To ignore, add // eslint-disable-next-line to the line before.

[1m[33mWARNING[39m[22m in [1m[eslint] 
src\components\Project\ProjectInventoryCard.js
  Line 72:34:   React Hook useEffect has a missing dependency: 'load'. Either include it or remove the dependency array  react-hooks/exhaustive-deps
  Line 308:16:  '_' is assigned a value but never used                                                                   no-unused-vars
  Line 308:19:  'grnId' is assigned a value but never used                                                               no-unused-vars
  Line 308:46:  'batchNo' is assigned a value but never used                                                             no-unused-vars
  Line 308:65:  'expiryDate' is assigned a value but never used                                                          no-unused-vars

src\components\estimates\ProjectEstimationPage.js
  Line 198:12:  'showPrintModal' is assigned a value but never used                                                                                                                                                                                                                                                                                                                              no-unused-vars
  Line 198:28:  'setShowPrintModal' is assigned a value but never used                                                                                                                                                                                                                                                                                                                           no-unused-vars
  Line 228:12:  'approvalPolicy' is assigned a value but never used                                                                                                                                                                                                                                                                                                                              no-unused-vars
  Line 502:8:   React Hook useEffect has missing dependencies: 'availMap', 'globalSettings.GLOBAL_TAX_PERCENT', 'globalSettings.GLOBAL_VAT_PERCENT', 'productById', and 'propProjectId'. Either include them or remove the dependency array. You can also replace multiple useState variables with useReducer if 'setVatPercent' needs the current value of 'globalSettings.GLOBAL_VAT_PERCENT'  react-hooks/exhaustive-deps

[39m[22m

webpack compiled with [1m[33m1 warning[39m[22m
Compiling...
Compiled with warnings.

[eslint] 
src\components\Project\ProjectInventoryCard.js
  Line 72:34:   React Hook useEffect has a missing dependency: 'load'. Either include it or remove the dependency array  react-hooks/exhaustive-deps
  Line 308:16:  '_' is assigned a value but never used                                                                   no-unused-vars
  Line 308:19:  'grnId' is assigned a value but never used                                                               no-unused-vars
  Line 308:46:  'batchNo' is assigned a value but never used                                                             no-unused-vars
  Line 308:65:  'expiryDate' is assigned a value but never used                                                          no-unused-vars

src\components\estimates\ProjectEstimationPage.js
  Line 198:12:  'showPrintModal' is assigned a value but never used                                                                                                                                                                                                                                                                                                                              no-unused-vars
  Line 198:28:  'setShowPrintModal' is assigned a value but never used                                                                                                                                                                                                                                                                                                                           no-unused-vars
  Line 228:12:  'approvalPolicy' is assigned a value but never used                                                                                                                                                                                                                                                                                                                              no-unused-vars
  Line 502:8:   React Hook useEffect has missing dependencies: 'availMap', 'globalSettings.GLOBAL_TAX_PERCENT', 'globalSettings.GLOBAL_VAT_PERCENT', 'productById', and 'propProjectId'. Either include them or remove the dependency array. You can also replace multiple useState variables with useReducer if 'setVatPercent' needs the current value of 'globalSettings.GLOBAL_VAT_PERCENT'  react-hooks/exhaustive-deps

Search for the keywords to learn more about each warning.
To ignore, add // eslint-disable-next-line to the line before.

[1m[33mWARNING[39m[22m in [1m[eslint] 
src\components\Project\ProjectInventoryCard.js
  Line 72:34:   React Hook useEffect has a missing dependency: 'load'. Either include it or remove the dependency array  react-hooks/exhaustive-deps
  Line 308:16:  '_' is assigned a value but never used                                                                   no-unused-vars
  Line 308:19:  'grnId' is assigned a value but never used                                                               no-unused-vars
  Line 308:46:  'batchNo' is assigned a value but never used                                                             no-unused-vars
  Line 308:65:  'expiryDate' is assigned a value but never used                                                          no-unused-vars

src\components\estimates\ProjectEstimationPage.js
  Line 198:12:  'showPrintModal' is assigned a value but never used                                                                                                                                                                                                                                                                                                                              no-unused-vars
  Line 198:28:  'setShowPrintModal' is assigned a value but never used                                                                                                                                                                                                                                                                                                                           no-unused-vars
  Line 228:12:  'approvalPolicy' is assigned a value but never used                                                                                                                                                                                                                                                                                                                              no-unused-vars
  Line 502:8:   React Hook useEffect has missing dependencies: 'availMap', 'globalSettings.GLOBAL_TAX_PERCENT', 'globalSettings.GLOBAL_VAT_PERCENT', 'productById', and 'propProjectId'. Either include them or remove the dependency array. You can also replace multiple useState variables with useReducer if 'setVatPercent' needs the current value of 'globalSettings.GLOBAL_VAT_PERCENT'  react-hooks/exhaustive-deps

[39m[22m

webpack compiled with [1m[33m1 warning[39m[22m
Compiling...
Compiled with warnings.

[eslint] 
src\components\Project\ProjectInventoryCard.js
  Line 72:34:   React Hook useEffect has a missing dependency: 'load'. Either include it or remove the dependency array  react-hooks/exhaustive-deps
  Line 308:16:  '_' is assigned a value but never used                                                                   no-unused-vars
  Line 308:19:  'grnId' is assigned a value but never used                                                               no-unused-vars
  Line 308:46:  'batchNo' is assigned a value but never used                                                             no-unused-vars
  Line 308:65:  'expiryDate' is assigned a value but never used                                                          no-unused-vars

src\components\estimates\ProjectEstimationPage.js
  Line 198:12:  'showPrintModal' is assigned a value but never used                                                                                                                                                                                                                                                                                                                              no-unused-vars
  Line 198:28:  'setShowPrintModal' is assigned a value but never used                                                                                                                                                                                                                                                                                                                           no-unused-vars
  Line 228:12:  'approvalPolicy' is assigned a value but never used                                                                                                                                                                                                                                                                                                                              no-unused-vars
  Line 502:8:   React Hook useEffect has missing dependencies: 'availMap', 'globalSettings.GLOBAL_TAX_PERCENT', 'globalSettings.GLOBAL_VAT_PERCENT', 'productById', and 'propProjectId'. Either include them or remove the dependency array. You can also replace multiple useState variables with useReducer if 'setVatPercent' needs the current value of 'globalSettings.GLOBAL_VAT_PERCENT'  react-hooks/exhaustive-deps

Search for the keywords to learn more about each warning.
To ignore, add // eslint-disable-next-line to the line before.

[1m[33mWARNING[39m[22m in [1m[eslint] 
src\components\Project\ProjectInventoryCard.js
  Line 72:34:   React Hook useEffect has a missing dependency: 'load'. Either include it or remove the dependency array  react-hooks/exhaustive-deps
  Line 308:16:  '_' is assigned a value but never used                                                                   no-unused-vars
  Line 308:19:  'grnId' is assigned a value but never used                                                               no-unused-vars
  Line 308:46:  'batchNo' is assigned a value but never used                                                             no-unused-vars
  Line 308:65:  'expiryDate' is assigned a value but never used                                                          no-unused-vars

src\components\estimates\ProjectEstimationPage.js
  Line 198:12:  'showPrintModal' is assigned a value but never used                                                                                                                                                                                                                                                                                                                              no-unused-vars
  Line 198:28:  'setShowPrintModal' is assigned a value but never used                                                                                                                                                                                                                                                                                                                           no-unused-vars
  Line 228:12:  'approvalPolicy' is assigned a value but never used                                                                                                                                                                                                                                                                                                                              no-unused-vars
  Line 502:8:   React Hook useEffect has missing dependencies: 'availMap', 'globalSettings.GLOBAL_TAX_PERCENT', 'globalSettings.GLOBAL_VAT_PERCENT', 'productById', and 'propProjectId'. Either include them or remove the dependency array. You can also replace multiple useState variables with useReducer if 'setVatPercent' needs the current value of 'globalSettings.GLOBAL_VAT_PERCENT'  react-hooks/exhaustive-deps

[39m[22m

webpack compiled with [1m[33m1 warning[39m[22m
